<?xml version="1.0" encoding="UTF-8"?>
<!-- Generated by org.testng.reporters.JUnitXMLReporter -->
<testsuite hostname="DESKTOP-Q43CBQE" name="Test" tests="10" failures="0" timestamp="16 Apr 2021 07:19:38 GMT" time="3.365" errors="0">
  <testcase name="getResult9" time="1.359" classname="com.resultActivity.TC_9"/>
  <testcase name="getResult10" time="0.109" classname="com.resultActivity.TC_10"/>
  <testcase name="getResult7" time="0.094" classname="com.resultActivity.TC_7"/>
  <testcase name="getResult8" time="0.11" classname="com.resultActivity.TC_8"/>
  <testcase name="getResult5" time="0.171" classname="com.resultActivity.TC_5"/>
  <testcase name="getResult6" time="0.188" classname="com.resultActivity.TC_6"/>
  <testcase name="getResult3" time="0.156" classname="com.resultActivity.TC_3"/>
  <testcase name="getResult4" time="0.156" classname="com.resultActivity.TC_4"/>
  <testcase name="getResult" time="0.156" classname="com.resultActivity.TC_1"/>
  <testcase name="getResult2" time="0.156" classname="com.resultActivity.TC_2"/>
</testsuite> <!-- Test -->
