<?xml version="1.0" encoding="UTF-8"?>
<testng-results skipped="0" failed="0" total="1" passed="1">
  <reporter-output>
  </reporter-output>
  <suite name="Default suite" duration-ms="11454" started-at="2021-04-16T11:45:43Z" finished-at="2021-04-16T11:45:55Z">
    <groups>
    </groups>
    <test name="Default test" duration-ms="11454" started-at="2021-04-16T11:45:43Z" finished-at="2021-04-16T11:45:55Z">
      <class name="com.task2.exception.Sample9">
        <test-method status="PASS" signature="getNoSuchAttributeException()[pri:0, instance:com.task2.exception.Sample9@6eebc39e]" name="getNoSuchAttributeException" duration-ms="11418" started-at="2021-04-16T17:15:43Z" finished-at="2021-04-16T17:15:55Z">
          <reporter-output>
          </reporter-output>
        </test-method> <!-- getNoSuchAttributeException -->
      </class> <!-- com.task2.exception.Sample9 -->
    </test> <!-- Default test -->
  </suite> <!-- Default suite -->
</testng-results>
